<?xml version="1.0" encoding="UTF-8"?>
<testsuite xmlns:xsi="http://www.w3.org/2001/XMLSchema-instance" xsi:noNamespaceSchemaLocation="https://maven.apache.org/surefire/maven-surefire-plugin/xsd/surefire-test-report-3.0.xsd" version="3.0" name="be.ugent.devops.services.logic.FactionLogicClericTest" time="0.005" tests="5" errors="0" skipped="0" failures="0">
  <properties>
    <property name="java.specification.version" value="17"/>
    <property name="sun.jnu.encoding" value="UTF-8"/>
    <property name="java.class.path" value="/Users/jordithijsman/OneDrive - UGent/Vakken/Devops/devops-team3/logic-service/target/test-classes:/Users/jordithijsman/OneDrive - UGent/Vakken/Devops/devops-team3/logic-service/target/classes:/Users/jordithijsman/.m2/repository/io/vertx/vertx-core/4.1.2/vertx-core-4.1.2.jar:/Users/jordithijsman/.m2/repository/io/netty/netty-common/4.1.65.Final/netty-common-4.1.65.Final.jar:/Users/jordithijsman/.m2/repository/io/netty/netty-buffer/4.1.65.Final/netty-buffer-4.1.65.Final.jar:/Users/jordithijsman/.m2/repository/io/netty/netty-transport/4.1.65.Final/netty-transport-4.1.65.Final.jar:/Users/jordithijsman/.m2/repository/io/netty/netty-handler/4.1.65.Final/netty-handler-4.1.65.Final.jar:/Users/jordithijsman/.m2/repository/io/netty/netty-codec/4.1.65.Final/netty-codec-4.1.65.Final.jar:/Users/jordithijsman/.m2/repository/io/netty/netty-handler-proxy/4.1.65.Final/netty-handler-proxy-4.1.65.Final.jar:/Users/jordithijsman/.m2/repository/io/netty/netty-codec-socks/4.1.65.Final/netty-codec-socks-4.1.65.Final.jar:/Users/jordithijsman/.m2/repository/io/netty/netty-codec-http/4.1.65.Final/netty-codec-http-4.1.65.Final.jar:/Users/jordithijsman/.m2/repository/io/netty/netty-codec-http2/4.1.65.Final/netty-codec-http2-4.1.65.Final.jar:/Users/jordithijsman/.m2/repository/io/netty/netty-resolver/4.1.65.Final/netty-resolver-4.1.65.Final.jar:/Users/jordithijsman/.m2/repository/io/netty/netty-resolver-dns/4.1.65.Final/netty-resolver-dns-4.1.65.Final.jar:/Users/jordithijsman/.m2/repository/io/netty/netty-codec-dns/4.1.65.Final/netty-codec-dns-4.1.65.Final.jar:/Users/jordithijsman/.m2/repository/com/fasterxml/jackson/core/jackson-core/2.11.4/jackson-core-2.11.4.jar:/Users/jordithijsman/.m2/repository/io/vertx/vertx-web/4.1.2/vertx-web-4.1.2.jar:/Users/jordithijsman/.m2/repository/io/vertx/vertx-web-common/4.1.2/vertx-web-common-4.1.2.jar:/Users/jordithijsman/.m2/repository/io/vertx/vertx-auth-common/4.1.2/vertx-auth-common-4.1.2.jar:/Users/jordithijsman/.m2/repository/io/vertx/vertx-bridge-common/4.1.2/vertx-bridge-common-4.1.2.jar:/Users/jordithijsman/.m2/repository/io/vertx/vertx-rx-java2/4.1.2/vertx-rx-java2-4.1.2.jar:/Users/jordithijsman/.m2/repository/io/vertx/vertx-rx-java2-gen/4.1.2/vertx-rx-java2-gen-4.1.2.jar:/Users/jordithijsman/.m2/repository/org/reactivestreams/reactive-streams/1.0.3/reactive-streams-1.0.3.jar:/Users/jordithijsman/.m2/repository/io/vertx/vertx-rx-gen/4.1.2/vertx-rx-gen-4.1.2.jar:/Users/jordithijsman/.m2/repository/io/vertx/vertx-codegen/4.1.2/vertx-codegen-4.1.2.jar:/Users/jordithijsman/.m2/repository/io/vertx/vertx-config/4.1.2/vertx-config-4.1.2.jar:/Users/jordithijsman/.m2/repository/com/fasterxml/jackson/core/jackson-databind/2.11.4/jackson-databind-2.11.4.jar:/Users/jordithijsman/.m2/repository/com/fasterxml/jackson/core/jackson-annotations/2.11.4/jackson-annotations-2.11.4.jar:/Users/jordithijsman/.m2/repository/com/fasterxml/jackson/datatype/jackson-datatype-jdk8/2.11.4/jackson-datatype-jdk8-2.11.4.jar:/Users/jordithijsman/OneDrive - UGent/Vakken/Devops/devops-team3/model/target/model-1.0-SNAPSHOT.jar:/Users/jordithijsman/.m2/repository/io/reactivex/rxjava2/rxjava/2.2.21/rxjava-2.2.21.jar:/Users/jordithijsman/.m2/repository/com/google/guava/guava/30.1-jre/guava-30.1-jre.jar:/Users/jordithijsman/.m2/repository/com/google/guava/failureaccess/1.0.1/failureaccess-1.0.1.jar:/Users/jordithijsman/.m2/repository/com/google/guava/listenablefuture/9999.0-empty-to-avoid-conflict-with-guava/listenablefuture-9999.0-empty-to-avoid-conflict-with-guava.jar:/Users/jordithijsman/.m2/repository/com/google/code/findbugs/jsr305/3.0.2/jsr305-3.0.2.jar:/Users/jordithijsman/.m2/repository/org/checkerframework/checker-qual/3.5.0/checker-qual-3.5.0.jar:/Users/jordithijsman/.m2/repository/com/google/errorprone/error_prone_annotations/2.3.4/error_prone_annotations-2.3.4.jar:/Users/jordithijsman/.m2/repository/com/google/j2objc/j2objc-annotations/1.3/j2objc-annotations-1.3.jar:/Users/jordithijsman/.m2/repository/org/junit/jupiter/junit-jupiter/5.7.2/junit-jupiter-5.7.2.jar:/Users/jordithijsman/.m2/repository/org/junit/jupiter/junit-jupiter-api/5.7.2/junit-jupiter-api-5.7.2.jar:/Users/jordithijsman/.m2/repository/org/apiguardian/apiguardian-api/1.1.0/apiguardian-api-1.1.0.jar:/Users/jordithijsman/.m2/repository/org/opentest4j/opentest4j/1.2.0/opentest4j-1.2.0.jar:/Users/jordithijsman/.m2/repository/org/junit/platform/junit-platform-commons/1.7.2/junit-platform-commons-1.7.2.jar:/Users/jordithijsman/.m2/repository/org/junit/jupiter/junit-jupiter-params/5.7.2/junit-jupiter-params-5.7.2.jar:/Users/jordithijsman/.m2/repository/org/junit/jupiter/junit-jupiter-engine/5.7.2/junit-jupiter-engine-5.7.2.jar:/Users/jordithijsman/.m2/repository/org/junit/platform/junit-platform-engine/1.7.2/junit-platform-engine-1.7.2.jar:/Users/jordithijsman/.m2/repository/io/prometheus/simpleclient/0.9.0/simpleclient-0.9.0.jar:/Users/jordithijsman/.m2/repository/io/prometheus/simpleclient_httpserver/0.9.0/simpleclient_httpserver-0.9.0.jar:/Users/jordithijsman/.m2/repository/io/prometheus/simpleclient_common/0.9.0/simpleclient_common-0.9.0.jar:/Users/jordithijsman/.m2/repository/ch/qos/logback/logback-core/1.2.5/logback-core-1.2.5.jar:/Users/jordithijsman/.m2/repository/ch/qos/logback/logback-classic/1.2.5/logback-classic-1.2.5.jar:/Users/jordithijsman/.m2/repository/org/slf4j/slf4j-api/1.7.31/slf4j-api-1.7.31.jar:"/>
    <property name="java.vm.vendor" value="Homebrew"/>
    <property name="sun.arch.data.model" value="64"/>
    <property name="java.vendor.url" value="https://github.com/Homebrew/homebrew-core/issues"/>
    <property name="user.timezone" value="Europe/Brussels"/>
    <property name="os.name" value="Mac OS X"/>
    <property name="java.vm.specification.version" value="17"/>
    <property name="sun.java.launcher" value="SUN_STANDARD"/>
    <property name="user.country" value="BE"/>
    <property name="sun.boot.library.path" value="/opt/homebrew/Cellar/openjdk/17.0.1_1/libexec/openjdk.jdk/Contents/Home/lib"/>
    <property name="sun.java.command" value="/Users/jordithijsman/OneDrive - UGent/Vakken/Devops/devops-team3/logic-service/target/surefire/surefirebooter190130256919517644.jar /Users/jordithijsman/OneDrive - UGent/Vakken/Devops/devops-team3/logic-service/target/surefire 2021-12-10T18-11-30_745-jvmRun1 surefire15014843745348754550tmp surefire_09463064520997090319tmp"/>
    <property name="http.nonProxyHosts" value="local|*.local|169.254/16|*.169.254/16"/>
    <property name="jdk.debug" value="release"/>
    <property name="surefire.test.class.path" value="/Users/jordithijsman/OneDrive - UGent/Vakken/Devops/devops-team3/logic-service/target/test-classes:/Users/jordithijsman/OneDrive - UGent/Vakken/Devops/devops-team3/logic-service/target/classes:/Users/jordithijsman/.m2/repository/io/vertx/vertx-core/4.1.2/vertx-core-4.1.2.jar:/Users/jordithijsman/.m2/repository/io/netty/netty-common/4.1.65.Final/netty-common-4.1.65.Final.jar:/Users/jordithijsman/.m2/repository/io/netty/netty-buffer/4.1.65.Final/netty-buffer-4.1.65.Final.jar:/Users/jordithijsman/.m2/repository/io/netty/netty-transport/4.1.65.Final/netty-transport-4.1.65.Final.jar:/Users/jordithijsman/.m2/repository/io/netty/netty-handler/4.1.65.Final/netty-handler-4.1.65.Final.jar:/Users/jordithijsman/.m2/repository/io/netty/netty-codec/4.1.65.Final/netty-codec-4.1.65.Final.jar:/Users/jordithijsman/.m2/repository/io/netty/netty-handler-proxy/4.1.65.Final/netty-handler-proxy-4.1.65.Final.jar:/Users/jordithijsman/.m2/repository/io/netty/netty-codec-socks/4.1.65.Final/netty-codec-socks-4.1.65.Final.jar:/Users/jordithijsman/.m2/repository/io/netty/netty-codec-http/4.1.65.Final/netty-codec-http-4.1.65.Final.jar:/Users/jordithijsman/.m2/repository/io/netty/netty-codec-http2/4.1.65.Final/netty-codec-http2-4.1.65.Final.jar:/Users/jordithijsman/.m2/repository/io/netty/netty-resolver/4.1.65.Final/netty-resolver-4.1.65.Final.jar:/Users/jordithijsman/.m2/repository/io/netty/netty-resolver-dns/4.1.65.Final/netty-resolver-dns-4.1.65.Final.jar:/Users/jordithijsman/.m2/repository/io/netty/netty-codec-dns/4.1.65.Final/netty-codec-dns-4.1.65.Final.jar:/Users/jordithijsman/.m2/repository/com/fasterxml/jackson/core/jackson-core/2.11.4/jackson-core-2.11.4.jar:/Users/jordithijsman/.m2/repository/io/vertx/vertx-web/4.1.2/vertx-web-4.1.2.jar:/Users/jordithijsman/.m2/repository/io/vertx/vertx-web-common/4.1.2/vertx-web-common-4.1.2.jar:/Users/jordithijsman/.m2/repository/io/vertx/vertx-auth-common/4.1.2/vertx-auth-common-4.1.2.jar:/Users/jordithijsman/.m2/repository/io/vertx/vertx-bridge-common/4.1.2/vertx-bridge-common-4.1.2.jar:/Users/jordithijsman/.m2/repository/io/vertx/vertx-rx-java2/4.1.2/vertx-rx-java2-4.1.2.jar:/Users/jordithijsman/.m2/repository/io/vertx/vertx-rx-java2-gen/4.1.2/vertx-rx-java2-gen-4.1.2.jar:/Users/jordithijsman/.m2/repository/org/reactivestreams/reactive-streams/1.0.3/reactive-streams-1.0.3.jar:/Users/jordithijsman/.m2/repository/io/vertx/vertx-rx-gen/4.1.2/vertx-rx-gen-4.1.2.jar:/Users/jordithijsman/.m2/repository/io/vertx/vertx-codegen/4.1.2/vertx-codegen-4.1.2.jar:/Users/jordithijsman/.m2/repository/io/vertx/vertx-config/4.1.2/vertx-config-4.1.2.jar:/Users/jordithijsman/.m2/repository/com/fasterxml/jackson/core/jackson-databind/2.11.4/jackson-databind-2.11.4.jar:/Users/jordithijsman/.m2/repository/com/fasterxml/jackson/core/jackson-annotations/2.11.4/jackson-annotations-2.11.4.jar:/Users/jordithijsman/.m2/repository/com/fasterxml/jackson/datatype/jackson-datatype-jdk8/2.11.4/jackson-datatype-jdk8-2.11.4.jar:/Users/jordithijsman/OneDrive - UGent/Vakken/Devops/devops-team3/model/target/model-1.0-SNAPSHOT.jar:/Users/jordithijsman/.m2/repository/io/reactivex/rxjava2/rxjava/2.2.21/rxjava-2.2.21.jar:/Users/jordithijsman/.m2/repository/com/google/guava/guava/30.1-jre/guava-30.1-jre.jar:/Users/jordithijsman/.m2/repository/com/google/guava/failureaccess/1.0.1/failureaccess-1.0.1.jar:/Users/jordithijsman/.m2/repository/com/google/guava/listenablefuture/9999.0-empty-to-avoid-conflict-with-guava/listenablefuture-9999.0-empty-to-avoid-conflict-with-guava.jar:/Users/jordithijsman/.m2/repository/com/google/code/findbugs/jsr305/3.0.2/jsr305-3.0.2.jar:/Users/jordithijsman/.m2/repository/org/checkerframework/checker-qual/3.5.0/checker-qual-3.5.0.jar:/Users/jordithijsman/.m2/repository/com/google/errorprone/error_prone_annotations/2.3.4/error_prone_annotations-2.3.4.jar:/Users/jordithijsman/.m2/repository/com/google/j2objc/j2objc-annotations/1.3/j2objc-annotations-1.3.jar:/Users/jordithijsman/.m2/repository/org/junit/jupiter/junit-jupiter/5.7.2/junit-jupiter-5.7.2.jar:/Users/jordithijsman/.m2/repository/org/junit/jupiter/junit-jupiter-api/5.7.2/junit-jupiter-api-5.7.2.jar:/Users/jordithijsman/.m2/repository/org/apiguardian/apiguardian-api/1.1.0/apiguardian-api-1.1.0.jar:/Users/jordithijsman/.m2/repository/org/opentest4j/opentest4j/1.2.0/opentest4j-1.2.0.jar:/Users/jordithijsman/.m2/repository/org/junit/platform/junit-platform-commons/1.7.2/junit-platform-commons-1.7.2.jar:/Users/jordithijsman/.m2/repository/org/junit/jupiter/junit-jupiter-params/5.7.2/junit-jupiter-params-5.7.2.jar:/Users/jordithijsman/.m2/repository/org/junit/jupiter/junit-jupiter-engine/5.7.2/junit-jupiter-engine-5.7.2.jar:/Users/jordithijsman/.m2/repository/org/junit/platform/junit-platform-engine/1.7.2/junit-platform-engine-1.7.2.jar:/Users/jordithijsman/.m2/repository/io/prometheus/simpleclient/0.9.0/simpleclient-0.9.0.jar:/Users/jordithijsman/.m2/repository/io/prometheus/simpleclient_httpserver/0.9.0/simpleclient_httpserver-0.9.0.jar:/Users/jordithijsman/.m2/repository/io/prometheus/simpleclient_common/0.9.0/simpleclient_common-0.9.0.jar:/Users/jordithijsman/.m2/repository/ch/qos/logback/logback-core/1.2.5/logback-core-1.2.5.jar:/Users/jordithijsman/.m2/repository/ch/qos/logback/logback-classic/1.2.5/logback-classic-1.2.5.jar:/Users/jordithijsman/.m2/repository/org/slf4j/slf4j-api/1.7.31/slf4j-api-1.7.31.jar:"/>
    <property name="sun.cpu.endian" value="little"/>
    <property name="user.home" value="/Users/jordithijsman"/>
    <property name="user.language" value="en"/>
    <property name="java.specification.vendor" value="Oracle Corporation"/>
    <property name="java.version.date" value="2021-10-19"/>
    <property name="java.home" value="/opt/homebrew/Cellar/openjdk/17.0.1_1/libexec/openjdk.jdk/Contents/Home"/>
    <property name="file.separator" value="/"/>
    <property name="basedir" value="/Users/jordithijsman/OneDrive - UGent/Vakken/Devops/devops-team3/logic-service"/>
    <property name="java.vm.compressedOopsMode" value="Zero based"/>
    <property name="line.separator" value="&#10;"/>
    <property name="java.vm.specification.vendor" value="Oracle Corporation"/>
    <property name="java.specification.name" value="Java Platform API Specification"/>
    <property name="surefire.real.class.path" value="/Users/jordithijsman/OneDrive - UGent/Vakken/Devops/devops-team3/logic-service/target/surefire/surefirebooter190130256919517644.jar"/>
    <property name="sun.management.compiler" value="HotSpot 64-Bit Tiered Compilers"/>
    <property name="ftp.nonProxyHosts" value="local|*.local|169.254/16|*.169.254/16"/>
    <property name="java.runtime.version" value="17.0.1+1"/>
    <property name="user.name" value="jordithijsman"/>
    <property name="path.separator" value=":"/>
    <property name="os.version" value="12.0.1"/>
    <property name="java.runtime.name" value="OpenJDK Runtime Environment"/>
    <property name="file.encoding" value="UTF-8"/>
    <property name="java.vm.name" value="OpenJDK 64-Bit Server VM"/>
    <property name="java.vendor.version" value="Homebrew"/>
    <property name="localRepository" value="/Users/jordithijsman/.m2/repository"/>
    <property name="java.vendor.url.bug" value="https://github.com/Homebrew/homebrew-core/issues"/>
    <property name="java.io.tmpdir" value="/var/folders/jv/9qmtm75543l3bwwzlwfj_5780000gn/T/"/>
    <property name="java.version" value="17.0.1"/>
    <property name="user.dir" value="/Users/jordithijsman/OneDrive - UGent/Vakken/Devops/devops-team3/logic-service"/>
    <property name="os.arch" value="aarch64"/>
    <property name="java.vm.specification.name" value="Java Virtual Machine Specification"/>
    <property name="native.encoding" value="UTF-8"/>
    <property name="java.library.path" value="/Users/jordithijsman/Library/Java/Extensions:/Library/Java/Extensions:/Network/Library/Java/Extensions:/System/Library/Java/Extensions:/usr/lib/java:."/>
    <property name="java.vm.info" value="mixed mode, sharing"/>
    <property name="java.vendor" value="Homebrew"/>
    <property name="java.vm.version" value="17.0.1+1"/>
    <property name="sun.io.unicode.encoding" value="UnicodeBig"/>
    <property name="socksNonProxyHosts" value="local|*.local|169.254/16|*.169.254/16"/>
    <property name="java.class.version" value="61.0"/>
  </properties>
  <testcase name="ClericHeal" classname="be.ugent.devops.services.logic.FactionLogicClericTest" time="0.001">
    <system-out><![CDATA[18:11:32.552 [main] INFO  b.u.d.s.logic.FactionLogicImpl - Prometheus server started
18:11:32.553 [main] INFO  b.u.d.s.logic.FactionLogicImpl - A cleric should heal a nearby ally unit if it is low on health (health < 3)
18:11:32.554 [main] INFO  b.u.d.s.logic.FactionLogicImpl - Success! Cleric healed the nearby ally unit.
]]></system-out>
  </testcase>
  <testcase name="ClericAttack" classname="be.ugent.devops.services.logic.FactionLogicClericTest" time="0.001">
    <system-out><![CDATA[18:11:32.555 [main] INFO  b.u.d.s.logic.FactionLogicImpl - If there is an enemy and an ally with high health (health > 3) nearby the cleric should attack.
18:11:32.555 [main] INFO  b.u.d.s.logic.FactionLogicImpl - Success! Cleric attacked the nearby enemy unit.
]]></system-out>
  </testcase>
  <testcase name="ClericConvert" classname="be.ugent.devops.services.logic.FactionLogicClericTest" time="0">
    <system-out><![CDATA[18:11:32.555 [main] INFO  b.u.d.s.logic.FactionLogicImpl - If there is no ally nearby, he has a defensive bonus and there is an enemy unit nearby, a cleric should convert the enemy unit.
18:11:32.555 [main] INFO  b.u.d.s.logic.FactionLogicImpl - Success! Cleric converted the nearby enemy unit.
]]></system-out>
  </testcase>
  <testcase name="ClericTravel" classname="be.ugent.devops.services.logic.FactionLogicClericTest" time="0.001">
    <system-out><![CDATA[18:11:32.556 [main] INFO  b.u.d.s.logic.FactionLogicImpl - If there is no enemy or ally nearby a cleric should travel.
1
18:11:32.556 [main] INFO  b.u.d.s.logic.FactionLogicImpl - Success! Cleric traveled.
]]></system-out>
  </testcase>
  <testcase name="ClericDefenseBonus" classname="be.ugent.devops.services.logic.FactionLogicClericTest" time="0.001">
    <system-out><![CDATA[18:11:32.556 [main] INFO  b.u.d.s.logic.FactionLogicImpl - If a cleric does not have a defensive bonus he should prepare his defenses.
18:11:32.557 [main] INFO  b.u.d.s.logic.FactionLogicImpl - Success! Cleric prepared his defenses.
]]></system-out>
  </testcase>
</testsuite>